This file contains any messages produced by compilers while
running configure, to aid debugging if configure makes a mistake.

It was created by thrulay configure 0.9rc1, which was
generated by GNU Autoconf 2.60a.  Invocation command line was

  $ ./configure 

## --------- ##
## Platform. ##
## --------- ##

hostname = ubuntu
uname -m = i686
uname -r = 2.6.38-13-generic-pae
uname -s = Linux
uname -v = #55-Ubuntu SMP Tue Jan 24 15:54:51 UTC 2012

/usr/bin/uname -p = unknown
/bin/uname -X     = unknown

/bin/arch              = unknown
/usr/bin/arch -k       = unknown
/usr/convex/getsysinfo = unknown
/usr/bin/hostinfo      = unknown
/bin/machine           = unknown
/usr/bin/oslevel       = unknown
/bin/universe          = unknown

PATH: /home/codell/bin
PATH: /home/codell/bin/eclipse
PATH: /home/codell/bin
PATH: /usr/local/sbin
PATH: /usr/local/bin
PATH: /usr/sbin
PATH: /usr/bin
PATH: /sbin
PATH: /bin
PATH: /usr/games
PATH: /opt/slickedit/bin
PATH: .


## ----------- ##
## Core tests. ##
## ----------- ##

configure:1969: checking for a BSD-compatible install
configure:2025: result: /usr/bin/install -c
configure:2036: checking whether build environment is sane
configure:2079: result: yes
configure:2144: checking for gawk
configure:2160: found /usr/bin/gawk
configure:2171: result: gawk
configure:2182: checking whether make sets $(MAKE)
configure:2203: result: yes
configure:2390: checking for multicast
configure:2457: checking for gcc
configure:2473: found /usr/bin/gcc
configure:2484: result: gcc
configure:2722: checking for C compiler version
configure:2729: gcc --version >&5
gcc (Ubuntu/Linaro 4.5.2-8ubuntu4) 4.5.2
Copyright (C) 2010 Free Software Foundation, Inc.
This is free software; see the source for copying conditions.  There is NO
warranty; not even for MERCHANTABILITY or FITNESS FOR A PARTICULAR PURPOSE.

configure:2732: $? = 0
configure:2739: gcc -v >&5
Using built-in specs.
COLLECT_GCC=gcc
COLLECT_LTO_WRAPPER=/usr/lib/i386-linux-gnu/gcc/i686-linux-gnu/4.5.2/lto-wrapper
Target: i686-linux-gnu
Configured with: ../src/configure -v --with-pkgversion='Ubuntu/Linaro 4.5.2-8ubuntu4' --with-bugurl=file:///usr/share/doc/gcc-4.5/README.Bugs --enable-languages=c,c++,fortran,objc,obj-c++ --prefix=/usr --program-suffix=-4.5 --enable-shared --enable-multiarch --with-multiarch-defaults=i386-linux-gnu --enable-linker-build-id --with-system-zlib --libexecdir=/usr/lib/i386-linux-gnu --without-included-gettext --enable-threads=posix --with-gxx-include-dir=/usr/include/c++/4.5 --libdir=/usr/lib/i386-linux-gnu --enable-nls --with-sysroot=/ --enable-clocale=gnu --enable-libstdcxx-debug --enable-libstdcxx-time=yes --enable-plugin --enable-gold --enable-ld=default --with-plugin-ld=ld.gold --enable-objc-gc --enable-targets=all --disable-werror --with-arch-32=i686 --with-tune=generic --enable-checking=release --build=i686-linux-gnu --host=i686-linux-gnu --target=i686-linux-gnu
Thread model: posix
gcc version 4.5.2 (Ubuntu/Linaro 4.5.2-8ubuntu4) 
configure:2742: $? = 0
configure:2749: gcc -V >&5
gcc: '-V' option must have argument
configure:2752: $? = 1
configure:2775: checking for C compiler default output file name
configure:2802: gcc    conftest.c  >&5
configure:2805: $? = 0
configure:2843: result: a.out
configure:2860: checking whether the C compiler works
configure:2870: ./a.out
configure:2873: $? = 0
configure:2890: result: yes
configure:2897: checking whether we are cross compiling
configure:2899: result: no
configure:2902: checking for suffix of executables
configure:2909: gcc -o conftest    conftest.c  >&5
configure:2912: $? = 0
configure:2936: result: 
configure:2942: checking for suffix of object files
configure:2968: gcc -c   conftest.c >&5
configure:2971: $? = 0
configure:2994: result: o
configure:2998: checking whether we are using the GNU C compiler
configure:3027: gcc -c   conftest.c >&5
configure:3033: $? = 0
configure:3040: test -z "$ac_c_werror_flag" || test ! -s conftest.err
configure:3043: $? = 0
configure:3050: test -s conftest.o
configure:3053: $? = 0
configure:3067: result: yes
configure:3072: checking whether gcc accepts -g
configure:3102: gcc -c -g  conftest.c >&5
configure:3108: $? = 0
configure:3115: test -z "$ac_c_werror_flag" || test ! -s conftest.err
configure:3118: $? = 0
configure:3125: test -s conftest.o
configure:3128: $? = 0
configure:3258: result: yes
configure:3275: checking for gcc option to accept ISO C89
configure:3349: gcc  -c -g -O2  conftest.c >&5
configure:3355: $? = 0
configure:3362: test -z "$ac_c_werror_flag" || test ! -s conftest.err
configure:3365: $? = 0
configure:3372: test -s conftest.o
configure:3375: $? = 0
configure:3395: result: none needed
configure:3424: checking for style of include used by make
configure:3452: result: GNU
configure:3480: checking dependency style of gcc
configure:3570: result: gcc3
configure:3587: checking whether make sets $(MAKE)
configure:3608: result: yes
configure:3695: checking build system type
configure:3713: result: i686-pc-linux-gnu
configure:3735: checking host system type
configure:3750: result: i686-pc-linux-gnu
configure:3772: checking for a sed that does not truncate output
configure:3826: result: /bin/sed
configure:3829: checking for grep that handles long lines and -e
configure:3903: result: /bin/grep
configure:3908: checking for egrep
configure:3986: result: /bin/grep -E
configure:4002: checking for ld used by gcc
configure:4069: result: /usr/bin/ld
configure:4078: checking if the linker (/usr/bin/ld) is GNU ld
configure:4093: result: yes
configure:4098: checking for /usr/bin/ld option to reload object files
configure:4105: result: -r
configure:4123: checking for BSD-compatible nm
configure:4172: result: /usr/bin/nm -B
configure:4176: checking whether ln -s works
configure:4180: result: yes
configure:4187: checking how to recognise dependent libraries
configure:4363: result: pass_all
configure:4613: checking how to run the C preprocessor
configure:4653: gcc -E  conftest.c
configure:4659: $? = 0
configure:4697: gcc -E  conftest.c
conftest.c:11:28: fatal error: ac_nonexistent.h: No such file or directory
compilation terminated.
configure:4703: $? = 1
configure: failed program was:
| /* confdefs.h.  */
| #define PACKAGE_NAME "thrulay"
| #define PACKAGE_TARNAME "thrulay"
| #define PACKAGE_VERSION "0.9rc1"
| #define PACKAGE_STRING "thrulay 0.9rc1"
| #define PACKAGE_BUGREPORT "thrulay-users@internet2.edu"
| #define PACKAGE "thrulay"
| #define VERSION "0.9"
| #define ENABLE_THRULAY_MULTICAST 1
| /* end confdefs.h.  */
| #include <ac_nonexistent.h>
configure:4743: result: gcc -E
configure:4772: gcc -E  conftest.c
configure:4778: $? = 0
configure:4816: gcc -E  conftest.c
conftest.c:11:28: fatal error: ac_nonexistent.h: No such file or directory
compilation terminated.
configure:4822: $? = 1
configure: failed program was:
| /* confdefs.h.  */
| #define PACKAGE_NAME "thrulay"
| #define PACKAGE_TARNAME "thrulay"
| #define PACKAGE_VERSION "0.9rc1"
| #define PACKAGE_STRING "thrulay 0.9rc1"
| #define PACKAGE_BUGREPORT "thrulay-users@internet2.edu"
| #define PACKAGE "thrulay"
| #define VERSION "0.9"
| #define ENABLE_THRULAY_MULTICAST 1
| /* end confdefs.h.  */
| #include <ac_nonexistent.h>
configure:4867: checking for ANSI C header files
configure:4897: gcc -c -g -O2  conftest.c >&5
configure:4903: $? = 0
configure:4910: test -z "$ac_c_werror_flag" || test ! -s conftest.err
configure:4913: $? = 0
configure:4920: test -s conftest.o
configure:4923: $? = 0
configure:5019: gcc -o conftest -g -O2   conftest.c  >&5
configure:5022: $? = 0
configure:5028: ./conftest
configure:5031: $? = 0
configure:5048: result: yes
configure:5072: checking for sys/types.h
configure:5093: gcc -c -g -O2  conftest.c >&5
configure:5099: $? = 0
configure:5106: test -z "$ac_c_werror_flag" || test ! -s conftest.err
configure:5109: $? = 0
configure:5116: test -s conftest.o
configure:5119: $? = 0
configure:5132: result: yes
configure:5072: checking for sys/stat.h
configure:5093: gcc -c -g -O2  conftest.c >&5
configure:5099: $? = 0
configure:5106: test -z "$ac_c_werror_flag" || test ! -s conftest.err
configure:5109: $? = 0
configure:5116: test -s conftest.o
configure:5119: $? = 0
configure:5132: result: yes
configure:5072: checking for stdlib.h
configure:5093: gcc -c -g -O2  conftest.c >&5
configure:5099: $? = 0
configure:5106: test -z "$ac_c_werror_flag" || test ! -s conftest.err
configure:5109: $? = 0
configure:5116: test -s conftest.o
configure:5119: $? = 0
configure:5132: result: yes
configure:5072: checking for string.h
configure:5093: gcc -c -g -O2  conftest.c >&5
configure:5099: $? = 0
configure:5106: test -z "$ac_c_werror_flag" || test ! -s conftest.err
configure:5109: $? = 0
configure:5116: test -s conftest.o
configure:5119: $? = 0
configure:5132: result: yes
configure:5072: checking for memory.h
configure:5093: gcc -c -g -O2  conftest.c >&5
configure:5099: $? = 0
configure:5106: test -z "$ac_c_werror_flag" || test ! -s conftest.err
configure:5109: $? = 0
configure:5116: test -s conftest.o
configure:5119: $? = 0
configure:5132: result: yes
configure:5072: checking for strings.h
configure:5093: gcc -c -g -O2  conftest.c >&5
configure:5099: $? = 0
configure:5106: test -z "$ac_c_werror_flag" || test ! -s conftest.err
configure:5109: $? = 0
configure:5116: test -s conftest.o
configure:5119: $? = 0
configure:5132: result: yes
configure:5072: checking for inttypes.h
configure:5093: gcc -c -g -O2  conftest.c >&5
configure:5099: $? = 0
configure:5106: test -z "$ac_c_werror_flag" || test ! -s conftest.err
configure:5109: $? = 0
configure:5116: test -s conftest.o
configure:5119: $? = 0
configure:5132: result: yes
configure:5072: checking for stdint.h
configure:5093: gcc -c -g -O2  conftest.c >&5
configure:5099: $? = 0
configure:5106: test -z "$ac_c_werror_flag" || test ! -s conftest.err
configure:5109: $? = 0
configure:5116: test -s conftest.o
configure:5119: $? = 0
configure:5132: result: yes
configure:5072: checking for unistd.h
configure:5093: gcc -c -g -O2  conftest.c >&5
configure:5099: $? = 0
configure:5106: test -z "$ac_c_werror_flag" || test ! -s conftest.err
configure:5109: $? = 0
configure:5116: test -s conftest.o
configure:5119: $? = 0
configure:5132: result: yes
configure:5159: checking dlfcn.h usability
configure:5176: gcc -c -g -O2  conftest.c >&5
configure:5182: $? = 0
configure:5189: test -z "$ac_c_werror_flag" || test ! -s conftest.err
configure:5192: $? = 0
configure:5199: test -s conftest.o
configure:5202: $? = 0
configure:5213: result: yes
configure:5217: checking dlfcn.h presence
configure:5232: gcc -E  conftest.c
configure:5238: $? = 0
configure:5259: result: yes
configure:5292: checking for dlfcn.h
configure:5300: result: yes
configure:5371: checking for g++
configure:5387: found /usr/bin/g++
configure:5398: result: g++
configure:5429: checking for C++ compiler version
configure:5436: g++ --version >&5
g++ (Ubuntu/Linaro 4.5.2-8ubuntu4) 4.5.2
Copyright (C) 2010 Free Software Foundation, Inc.
This is free software; see the source for copying conditions.  There is NO
warranty; not even for MERCHANTABILITY or FITNESS FOR A PARTICULAR PURPOSE.

configure:5439: $? = 0
configure:5446: g++ -v >&5
Using built-in specs.
COLLECT_GCC=g++
COLLECT_LTO_WRAPPER=/usr/lib/i386-linux-gnu/gcc/i686-linux-gnu/4.5.2/lto-wrapper
Target: i686-linux-gnu
Configured with: ../src/configure -v --with-pkgversion='Ubuntu/Linaro 4.5.2-8ubuntu4' --with-bugurl=file:///usr/share/doc/gcc-4.5/README.Bugs --enable-languages=c,c++,fortran,objc,obj-c++ --prefix=/usr --program-suffix=-4.5 --enable-shared --enable-multiarch --with-multiarch-defaults=i386-linux-gnu --enable-linker-build-id --with-system-zlib --libexecdir=/usr/lib/i386-linux-gnu --without-included-gettext --enable-threads=posix --with-gxx-include-dir=/usr/include/c++/4.5 --libdir=/usr/lib/i386-linux-gnu --enable-nls --with-sysroot=/ --enable-clocale=gnu --enable-libstdcxx-debug --enable-libstdcxx-time=yes --enable-plugin --enable-gold --enable-ld=default --with-plugin-ld=ld.gold --enable-objc-gc --enable-targets=all --disable-werror --with-arch-32=i686 --with-tune=generic --enable-checking=release --build=i686-linux-gnu --host=i686-linux-gnu --target=i686-linux-gnu
Thread model: posix
gcc version 4.5.2 (Ubuntu/Linaro 4.5.2-8ubuntu4) 
configure:5449: $? = 0
configure:5456: g++ -V >&5
g++: '-V' option must have argument
configure:5459: $? = 1
configure:5462: checking whether we are using the GNU C++ compiler
configure:5491: g++ -c   conftest.cpp >&5
configure:5497: $? = 0
configure:5504: test -z "$ac_cxx_werror_flag" || test ! -s conftest.err
configure:5507: $? = 0
configure:5514: test -s conftest.o
configure:5517: $? = 0
configure:5531: result: yes
configure:5536: checking whether g++ accepts -g
configure:5566: g++ -c -g  conftest.cpp >&5
configure:5572: $? = 0
configure:5579: test -z "$ac_cxx_werror_flag" || test ! -s conftest.err
configure:5582: $? = 0
configure:5589: test -s conftest.o
configure:5592: $? = 0
configure:5722: result: yes
configure:5747: checking dependency style of g++
configure:5837: result: gcc3
configure:5864: checking how to run the C++ preprocessor
configure:5900: g++ -E  conftest.cpp
configure:5906: $? = 0
configure:5944: g++ -E  conftest.cpp
conftest.cpp:22:28: fatal error: ac_nonexistent.h: No such file or directory
compilation terminated.
configure:5950: $? = 1
configure: failed program was:
| /* confdefs.h.  */
| #define PACKAGE_NAME "thrulay"
| #define PACKAGE_TARNAME "thrulay"
| #define PACKAGE_VERSION "0.9rc1"
| #define PACKAGE_STRING "thrulay 0.9rc1"
| #define PACKAGE_BUGREPORT "thrulay-users@internet2.edu"
| #define PACKAGE "thrulay"
| #define VERSION "0.9"
| #define ENABLE_THRULAY_MULTICAST 1
| #define STDC_HEADERS 1
| #define HAVE_SYS_TYPES_H 1
| #define HAVE_SYS_STAT_H 1
| #define HAVE_STDLIB_H 1
| #define HAVE_STRING_H 1
| #define HAVE_MEMORY_H 1
| #define HAVE_STRINGS_H 1
| #define HAVE_INTTYPES_H 1
| #define HAVE_STDINT_H 1
| #define HAVE_UNISTD_H 1
| #define HAVE_DLFCN_H 1
| /* end confdefs.h.  */
| #include <ac_nonexistent.h>
configure:5990: result: g++ -E
configure:6019: g++ -E  conftest.cpp
configure:6025: $? = 0
configure:6063: g++ -E  conftest.cpp
conftest.cpp:22:28: fatal error: ac_nonexistent.h: No such file or directory
compilation terminated.
configure:6069: $? = 1
configure: failed program was:
| /* confdefs.h.  */
| #define PACKAGE_NAME "thrulay"
| #define PACKAGE_TARNAME "thrulay"
| #define PACKAGE_VERSION "0.9rc1"
| #define PACKAGE_STRING "thrulay 0.9rc1"
| #define PACKAGE_BUGREPORT "thrulay-users@internet2.edu"
| #define PACKAGE "thrulay"
| #define VERSION "0.9"
| #define ENABLE_THRULAY_MULTICAST 1
| #define STDC_HEADERS 1
| #define HAVE_SYS_TYPES_H 1
| #define HAVE_SYS_STAT_H 1
| #define HAVE_STDLIB_H 1
| #define HAVE_STRING_H 1
| #define HAVE_MEMORY_H 1
| #define HAVE_STRINGS_H 1
| #define HAVE_INTTYPES_H 1
| #define HAVE_STDINT_H 1
| #define HAVE_UNISTD_H 1
| #define HAVE_DLFCN_H 1
| /* end confdefs.h.  */
| #include <ac_nonexistent.h>
configure:6169: checking for g77
configure:6199: result: no
configure:6169: checking for f77
configure:6199: result: no
configure:6169: checking for xlf
configure:6199: result: no
configure:6169: checking for frt
configure:6199: result: no
configure:6169: checking for pgf77
configure:6199: result: no
configure:6169: checking for cf77
configure:6199: result: no
configure:6169: checking for fort77
configure:6199: result: no
configure:6169: checking for fl32
configure:6199: result: no
configure:6169: checking for af77
configure:6199: result: no
configure:6169: checking for f90
configure:6199: result: no
configure:6169: checking for xlf90
configure:6199: result: no
configure:6169: checking for pgf90
configure:6199: result: no
configure:6169: checking for pghpf
configure:6199: result: no
configure:6169: checking for epcf90
configure:6199: result: no
configure:6169: checking for gfortran
configure:6199: result: no
configure:6169: checking for g95
configure:6199: result: no
configure:6169: checking for f95
configure:6199: result: no
configure:6169: checking for fort
configure:6199: result: no
configure:6169: checking for xlf95
configure:6199: result: no
configure:6169: checking for ifort
configure:6199: result: no
configure:6169: checking for ifc
configure:6199: result: no
configure:6169: checking for efc
configure:6199: result: no
configure:6169: checking for pgf95
configure:6199: result: no
configure:6169: checking for lf95
configure:6199: result: no
configure:6169: checking for ftn
configure:6199: result: no
configure:6226: checking for Fortran 77 compiler version
configure:6233:  --version >&5
./configure: line 6234: --version: command not found
configure:6236: $? = 127
configure:6243:  -v >&5
./configure: line 6244: -v: command not found
configure:6246: $? = 127
configure:6253:  -V >&5
./configure: line 6254: -V: command not found
configure:6256: $? = 127
configure:6264: checking whether we are using the GNU Fortran 77 compiler
configure:6283:  -c  conftest.F >&5
./configure: line 6284: -c: command not found
configure:6289: $? = 127
configure: failed program was:
|       program main
| #ifndef __GNUC__
|        choke me
| #endif
| 
|       end
configure:6323: result: no
configure:6329: checking whether  accepts -g
configure:6346:  -c -g conftest.f >&5
./configure: line 6347: -c: command not found
configure:6352: $? = 127
configure: failed program was:
|       program main
| 
|       end
configure:6385: result: no
configure:6415: checking the maximum length of command line arguments
configure:6524: result: 32768
configure:6535: checking command to parse /usr/bin/nm -B output from gcc object
configure:6640: gcc -c -g -O2  conftest.c >&5
configure:6643: $? = 0
configure:6647: /usr/bin/nm -B conftest.o \| sed -n -e 's/^.*[ 	]\([ABCDGIRSTW][ABCDGIRSTW]*\)[ 	][ 	]*\([_A-Za-z][_A-Za-z0-9]*\)$/\1 \2 \2/p' \> conftest.nm
configure:6650: $? = 0
configure:6702: gcc -o conftest -g -O2   conftest.c conftstm.o >&5
configure:6705: $? = 0
configure:6743: result: ok
configure:6747: checking for objdir
configure:6762: result: .libs
configure:6854: checking for ar
configure:6870: found /usr/bin/ar
configure:6881: result: ar
configure:6950: checking for ranlib
configure:6966: found /usr/bin/ranlib
configure:6977: result: ranlib
configure:7046: checking for strip
configure:7062: found /usr/bin/strip
configure:7073: result: strip
configure:7359: checking if gcc supports -fno-rtti -fno-exceptions
configure:7377: gcc -c -g -O2  -fno-rtti -fno-exceptions conftest.c >&5
cc1: warning: command line option "-fno-rtti" is valid for C++/ObjC++ but not for C
configure:7381: $? = 0
configure:7394: result: no
configure:7409: checking for gcc option to produce PIC
configure:7619: result: -fPIC
configure:7627: checking if gcc PIC flag -fPIC works
configure:7645: gcc -c -g -O2  -fPIC -DPIC conftest.c >&5
configure:7649: $? = 0
configure:7662: result: yes
configure:7690: checking if gcc static flag -static works
configure:7718: result: yes
configure:7728: checking if gcc supports -c -o file.o
configure:7749: gcc -c -g -O2  -o out/conftest2.o conftest.c >&5
configure:7753: $? = 0
configure:7775: result: yes
configure:7801: checking whether the gcc linker (/usr/bin/ld) supports shared libraries
configure:8788: result: yes
configure:8809: checking whether -lc should be explicitly linked in
configure:8814: gcc -c -g -O2  conftest.c >&5
configure:8817: $? = 0
configure:8832: gcc -shared conftest.o  -v -Wl,-soname -Wl,conftest -o conftest 2\>\&1 \| grep  -lc  \>/dev/null 2\>\&1
configure:8835: $? = 0
configure:8847: result: no
configure:8855: checking dynamic linker characteristics
configure:9431: result: GNU/Linux ld.so
configure:9440: checking how to hardcode library paths into programs
configure:9465: result: immediate
configure:9479: checking whether stripping libraries is possible
configure:9484: result: yes
configure:10397: checking if libtool supports shared libraries
configure:10399: result: yes
configure:10402: checking whether to build shared libraries
configure:10423: result: yes
configure:10426: checking whether to build static libraries
configure:10430: result: yes
configure:10522: creating libtool
configure:11110: checking for ld used by g++
configure:11177: result: /usr/bin/ld
configure:11186: checking if the linker (/usr/bin/ld) is GNU ld
configure:11201: result: yes
configure:11252: checking whether the g++ linker (/usr/bin/ld) supports shared libraries
configure:12218: result: yes
configure:12236: g++ -c -g -O2  conftest.cpp >&5
configure:12239: $? = 0
configure:12358: checking for g++ option to produce PIC
configure:12632: result: -fPIC
configure:12640: checking if g++ PIC flag -fPIC works
configure:12658: g++ -c -g -O2  -fPIC -DPIC conftest.cpp >&5
configure:12662: $? = 0
configure:12675: result: yes
configure:12703: checking if g++ static flag -static works
configure:12731: result: yes
configure:12741: checking if g++ supports -c -o file.o
configure:12762: g++ -c -g -O2  -o out/conftest2.o conftest.cpp >&5
configure:12766: $? = 0
configure:12788: result: yes
configure:12814: checking whether the g++ linker (/usr/bin/ld) supports shared libraries
configure:12842: result: yes
configure:12909: checking dynamic linker characteristics
configure:13485: result: GNU/Linux ld.so
configure:13494: checking how to hardcode library paths into programs
configure:13519: result: immediate
configure:19715: checking host system type
configure:19730: result: i686-pc-linux-gnu
configure:19790: checking for log in -lm
configure:19825: gcc -o conftest -g -O2   conftest.c -lm   >&5
conftest.c:30:6: warning: conflicting types for built-in function 'log'
configure:19831: $? = 0
configure:19838: test -z "$ac_c_werror_flag" || test ! -s conftest.err
configure:19841: $? = 0
configure:19848: test -s conftest
configure:19851: $? = 0
configure:19865: result: yes
configure:19877: checking for socket in -lsocket
configure:19912: gcc -o conftest -g -O2   conftest.c -lsocket  -lm  >&5
/usr/bin/ld: cannot find -lsocket
collect2: ld returned 1 exit status
configure:19918: $? = 1
configure: failed program was:
| /* confdefs.h.  */
| #define PACKAGE_NAME "thrulay"
| #define PACKAGE_TARNAME "thrulay"
| #define PACKAGE_VERSION "0.9rc1"
| #define PACKAGE_STRING "thrulay 0.9rc1"
| #define PACKAGE_BUGREPORT "thrulay-users@internet2.edu"
| #define PACKAGE "thrulay"
| #define VERSION "0.9"
| #define ENABLE_THRULAY_MULTICAST 1
| #define STDC_HEADERS 1
| #define HAVE_SYS_TYPES_H 1
| #define HAVE_SYS_STAT_H 1
| #define HAVE_STDLIB_H 1
| #define HAVE_STRING_H 1
| #define HAVE_MEMORY_H 1
| #define HAVE_STRINGS_H 1
| #define HAVE_INTTYPES_H 1
| #define HAVE_STDINT_H 1
| #define HAVE_UNISTD_H 1
| #define HAVE_DLFCN_H 1
| #define __LINUX__ 1
| #define HAVE_LIBM 1
| /* end confdefs.h.  */
| 
| /* Override any GCC internal prototype to avoid an error.
|    Use char because int might match the return type of a GCC
|    builtin and then its argument prototype would still apply.  */
| #ifdef __cplusplus
| extern "C"
| #endif
| char socket ();
| int
| main ()
| {
| return socket ();
|   ;
|   return 0;
| }
configure:19952: result: no
configure:19964: checking for socket in -lnsl
configure:19999: gcc -o conftest -g -O2   conftest.c -lnsl  -lm  >&5
configure:20005: $? = 0
configure:20012: test -z "$ac_c_werror_flag" || test ! -s conftest.err
configure:20015: $? = 0
configure:20022: test -s conftest
configure:20025: $? = 0
configure:20039: result: yes
configure:20051: checking for herror in -lresolv
configure:20086: gcc -o conftest -g -O2   conftest.c -lresolv  -lnsl -lm  >&5
configure:20092: $? = 0
configure:20099: test -z "$ac_c_werror_flag" || test ! -s conftest.err
configure:20102: $? = 0
configure:20109: test -s conftest
configure:20112: $? = 0
configure:20126: result: yes
configure:20138: checking for nanosleep in -lrt
configure:20173: gcc -o conftest -g -O2   conftest.c -lrt  -lresolv -lnsl -lm  >&5
configure:20179: $? = 0
configure:20186: test -z "$ac_c_werror_flag" || test ! -s conftest.err
configure:20189: $? = 0
configure:20196: test -s conftest
configure:20199: $? = 0
configure:20213: result: yes
configure:20225: checking for fasttime_init_context in -lfasttime
configure:20260: gcc -o conftest -g -O2   conftest.c -lfasttime  -lrt -lresolv -lnsl -lm  >&5
/usr/bin/ld: cannot find -lfasttime
collect2: ld returned 1 exit status
configure:20266: $? = 1
configure: failed program was:
| /* confdefs.h.  */
| #define PACKAGE_NAME "thrulay"
| #define PACKAGE_TARNAME "thrulay"
| #define PACKAGE_VERSION "0.9rc1"
| #define PACKAGE_STRING "thrulay 0.9rc1"
| #define PACKAGE_BUGREPORT "thrulay-users@internet2.edu"
| #define PACKAGE "thrulay"
| #define VERSION "0.9"
| #define ENABLE_THRULAY_MULTICAST 1
| #define STDC_HEADERS 1
| #define HAVE_SYS_TYPES_H 1
| #define HAVE_SYS_STAT_H 1
| #define HAVE_STDLIB_H 1
| #define HAVE_STRING_H 1
| #define HAVE_MEMORY_H 1
| #define HAVE_STRINGS_H 1
| #define HAVE_INTTYPES_H 1
| #define HAVE_STDINT_H 1
| #define HAVE_UNISTD_H 1
| #define HAVE_DLFCN_H 1
| #define __LINUX__ 1
| #define HAVE_LIBM 1
| #define HAVE_LIBNSL 1
| #define HAVE_LIBRESOLV 1
| #define HAVE_LIBRT 1
| /* end confdefs.h.  */
| 
| /* Override any GCC internal prototype to avoid an error.
|    Use char because int might match the return type of a GCC
|    builtin and then its argument prototype would still apply.  */
| #ifdef __cplusplus
| extern "C"
| #endif
| char fasttime_init_context ();
| int
| main ()
| {
| return fasttime_init_context ();
|   ;
|   return 0;
| }
configure:20300: result: no
configure:20312: checking for tsci2_init in -ltsci2
configure:20347: gcc -o conftest -g -O2   conftest.c -ltsci2  -lrt -lresolv -lnsl -lm  >&5
/usr/bin/ld: cannot find -ltsci2
collect2: ld returned 1 exit status
configure:20353: $? = 1
configure: failed program was:
| /* confdefs.h.  */
| #define PACKAGE_NAME "thrulay"
| #define PACKAGE_TARNAME "thrulay"
| #define PACKAGE_VERSION "0.9rc1"
| #define PACKAGE_STRING "thrulay 0.9rc1"
| #define PACKAGE_BUGREPORT "thrulay-users@internet2.edu"
| #define PACKAGE "thrulay"
| #define VERSION "0.9"
| #define ENABLE_THRULAY_MULTICAST 1
| #define STDC_HEADERS 1
| #define HAVE_SYS_TYPES_H 1
| #define HAVE_SYS_STAT_H 1
| #define HAVE_STDLIB_H 1
| #define HAVE_STRING_H 1
| #define HAVE_MEMORY_H 1
| #define HAVE_STRINGS_H 1
| #define HAVE_INTTYPES_H 1
| #define HAVE_STDINT_H 1
| #define HAVE_UNISTD_H 1
| #define HAVE_DLFCN_H 1
| #define __LINUX__ 1
| #define HAVE_LIBM 1
| #define HAVE_LIBNSL 1
| #define HAVE_LIBRESOLV 1
| #define HAVE_LIBRT 1
| /* end confdefs.h.  */
| 
| /* Override any GCC internal prototype to avoid an error.
|    Use char because int might match the return type of a GCC
|    builtin and then its argument prototype would still apply.  */
| #ifdef __cplusplus
| extern "C"
| #endif
| char tsci2_init ();
| int
| main ()
| {
| return tsci2_init ();
|   ;
|   return 0;
| }
configure:20387: result: no
configure:20400: checking for ANSI C header files
configure:20581: result: yes
configure:20611: checking netdb.h usability
configure:20628: gcc -c -g -O2  conftest.c >&5
configure:20634: $? = 0
configure:20641: test -z "$ac_c_werror_flag" || test ! -s conftest.err
configure:20644: $? = 0
configure:20651: test -s conftest.o
configure:20654: $? = 0
configure:20665: result: yes
configure:20669: checking netdb.h presence
configure:20684: gcc -E  conftest.c
configure:20690: $? = 0
configure:20711: result: yes
configure:20744: checking for netdb.h
configure:20752: result: yes
configure:20611: checking syslog.h usability
configure:20628: gcc -c -g -O2  conftest.c >&5
configure:20634: $? = 0
configure:20641: test -z "$ac_c_werror_flag" || test ! -s conftest.err
configure:20644: $? = 0
configure:20651: test -s conftest.o
configure:20654: $? = 0
configure:20665: result: yes
configure:20669: checking syslog.h presence
configure:20684: gcc -E  conftest.c
configure:20690: $? = 0
configure:20711: result: yes
configure:20744: checking for syslog.h
configure:20752: result: yes
configure:20611: checking sys/resource.h usability
configure:20628: gcc -c -g -O2  conftest.c >&5
configure:20634: $? = 0
configure:20641: test -z "$ac_c_werror_flag" || test ! -s conftest.err
configure:20644: $? = 0
configure:20651: test -s conftest.o
configure:20654: $? = 0
configure:20665: result: yes
configure:20669: checking sys/resource.h presence
configure:20684: gcc -E  conftest.c
configure:20690: $? = 0
configure:20711: result: yes
configure:20744: checking for sys/resource.h
configure:20752: result: yes
configure:20611: checking sys/select.h usability
configure:20628: gcc -c -g -O2  conftest.c >&5
configure:20634: $? = 0
configure:20641: test -z "$ac_c_werror_flag" || test ! -s conftest.err
configure:20644: $? = 0
configure:20651: test -s conftest.o
configure:20654: $? = 0
configure:20665: result: yes
configure:20669: checking sys/select.h presence
configure:20684: gcc -E  conftest.c
configure:20690: $? = 0
configure:20711: result: yes
configure:20744: checking for sys/select.h
configure:20752: result: yes
configure:20611: checking sys/socket.h usability
configure:20628: gcc -c -g -O2  conftest.c >&5
configure:20634: $? = 0
configure:20641: test -z "$ac_c_werror_flag" || test ! -s conftest.err
configure:20644: $? = 0
configure:20651: test -s conftest.o
configure:20654: $? = 0
configure:20665: result: yes
configure:20669: checking sys/socket.h presence
configure:20684: gcc -E  conftest.c
configure:20690: $? = 0
configure:20711: result: yes
configure:20744: checking for sys/socket.h
configure:20752: result: yes
configure:20611: checking sys/wait.h usability
configure:20628: gcc -c -g -O2  conftest.c >&5
configure:20634: $? = 0
configure:20641: test -z "$ac_c_werror_flag" || test ! -s conftest.err
configure:20644: $? = 0
configure:20651: test -s conftest.o
configure:20654: $? = 0
configure:20665: result: yes
configure:20669: checking sys/wait.h presence
configure:20684: gcc -E  conftest.c
configure:20690: $? = 0
configure:20711: result: yes
configure:20744: checking for sys/wait.h
configure:20752: result: yes
configure:20781: checking float.h usability
configure:20798: gcc -c -g -O2  conftest.c >&5
configure:20804: $? = 0
configure:20811: test -z "$ac_c_werror_flag" || test ! -s conftest.err
configure:20814: $? = 0
configure:20821: test -s conftest.o
configure:20824: $? = 0
configure:20835: result: yes
configure:20839: checking float.h presence
configure:20854: gcc -E  conftest.c
configure:20860: $? = 0
configure:20881: result: yes
configure:20914: checking for float.h
configure:20922: result: yes
configure:20771: checking for stdint.h
configure:20777: result: yes
configure:20951: checking winsock2.h usability
configure:20968: gcc -c -g -O2  conftest.c >&5
conftest.c:69:22: fatal error: winsock2.h: No such file or directory
compilation terminated.
configure:20974: $? = 1
configure: failed program was:
| /* confdefs.h.  */
| #define PACKAGE_NAME "thrulay"
| #define PACKAGE_TARNAME "thrulay"
| #define PACKAGE_VERSION "0.9rc1"
| #define PACKAGE_STRING "thrulay 0.9rc1"
| #define PACKAGE_BUGREPORT "thrulay-users@internet2.edu"
| #define PACKAGE "thrulay"
| #define VERSION "0.9"
| #define ENABLE_THRULAY_MULTICAST 1
| #define STDC_HEADERS 1
| #define HAVE_SYS_TYPES_H 1
| #define HAVE_SYS_STAT_H 1
| #define HAVE_STDLIB_H 1
| #define HAVE_STRING_H 1
| #define HAVE_MEMORY_H 1
| #define HAVE_STRINGS_H 1
| #define HAVE_INTTYPES_H 1
| #define HAVE_STDINT_H 1
| #define HAVE_UNISTD_H 1
| #define HAVE_DLFCN_H 1
| #define __LINUX__ 1
| #define HAVE_LIBM 1
| #define HAVE_LIBNSL 1
| #define HAVE_LIBRESOLV 1
| #define HAVE_LIBRT 1
| #define STDC_HEADERS 1
| #define HAVE_NETDB_H 1
| #define HAVE_SYSLOG_H 1
| #define HAVE_SYS_RESOURCE_H 1
| #define HAVE_SYS_SELECT_H 1
| #define HAVE_SYS_SOCKET_H 1
| #define HAVE_SYS_WAIT_H 1
| #define HAVE_FLOAT_H 1
| #define HAVE_STDINT_H 1
| /* end confdefs.h.  */
| #include <stdio.h>
| #ifdef HAVE_SYS_TYPES_H
| # include <sys/types.h>
| #endif
| #ifdef HAVE_SYS_STAT_H
| # include <sys/stat.h>
| #endif
| #ifdef STDC_HEADERS
| # include <stdlib.h>
| # include <stddef.h>
| #else
| # ifdef HAVE_STDLIB_H
| #  include <stdlib.h>
| # endif
| #endif
| #ifdef HAVE_STRING_H
| # if !defined STDC_HEADERS && defined HAVE_MEMORY_H
| #  include <memory.h>
| # endif
| # include <string.h>
| #endif
| #ifdef HAVE_STRINGS_H
| # include <strings.h>
| #endif
| #ifdef HAVE_INTTYPES_H
| # include <inttypes.h>
| #endif
| #ifdef HAVE_STDINT_H
| # include <stdint.h>
| #endif
| #ifdef HAVE_UNISTD_H
| # include <unistd.h>
| #endif
| #include <winsock2.h>
configure:21005: result: no
configure:21009: checking winsock2.h presence
configure:21024: gcc -E  conftest.c
conftest.c:36:22: fatal error: winsock2.h: No such file or directory
compilation terminated.
configure:21030: $? = 1
configure: failed program was:
| /* confdefs.h.  */
| #define PACKAGE_NAME "thrulay"
| #define PACKAGE_TARNAME "thrulay"
| #define PACKAGE_VERSION "0.9rc1"
| #define PACKAGE_STRING "thrulay 0.9rc1"
| #define PACKAGE_BUGREPORT "thrulay-users@internet2.edu"
| #define PACKAGE "thrulay"
| #define VERSION "0.9"
| #define ENABLE_THRULAY_MULTICAST 1
| #define STDC_HEADERS 1
| #define HAVE_SYS_TYPES_H 1
| #define HAVE_SYS_STAT_H 1
| #define HAVE_STDLIB_H 1
| #define HAVE_STRING_H 1
| #define HAVE_MEMORY_H 1
| #define HAVE_STRINGS_H 1
| #define HAVE_INTTYPES_H 1
| #define HAVE_STDINT_H 1
| #define HAVE_UNISTD_H 1
| #define HAVE_DLFCN_H 1
| #define __LINUX__ 1
| #define HAVE_LIBM 1
| #define HAVE_LIBNSL 1
| #define HAVE_LIBRESOLV 1
| #define HAVE_LIBRT 1
| #define STDC_HEADERS 1
| #define HAVE_NETDB_H 1
| #define HAVE_SYSLOG_H 1
| #define HAVE_SYS_RESOURCE_H 1
| #define HAVE_SYS_SELECT_H 1
| #define HAVE_SYS_SOCKET_H 1
| #define HAVE_SYS_WAIT_H 1
| #define HAVE_FLOAT_H 1
| #define HAVE_STDINT_H 1
| /* end confdefs.h.  */
| #include <winsock2.h>
configure:21051: result: no
configure:21084: checking for winsock2.h
configure:21092: result: no
configure:20951: checking ws2tcpip.h usability
configure:20968: gcc -c -g -O2  conftest.c >&5
conftest.c:69:22: fatal error: ws2tcpip.h: No such file or directory
compilation terminated.
configure:20974: $? = 1
configure: failed program was:
| /* confdefs.h.  */
| #define PACKAGE_NAME "thrulay"
| #define PACKAGE_TARNAME "thrulay"
| #define PACKAGE_VERSION "0.9rc1"
| #define PACKAGE_STRING "thrulay 0.9rc1"
| #define PACKAGE_BUGREPORT "thrulay-users@internet2.edu"
| #define PACKAGE "thrulay"
| #define VERSION "0.9"
| #define ENABLE_THRULAY_MULTICAST 1
| #define STDC_HEADERS 1
| #define HAVE_SYS_TYPES_H 1
| #define HAVE_SYS_STAT_H 1
| #define HAVE_STDLIB_H 1
| #define HAVE_STRING_H 1
| #define HAVE_MEMORY_H 1
| #define HAVE_STRINGS_H 1
| #define HAVE_INTTYPES_H 1
| #define HAVE_STDINT_H 1
| #define HAVE_UNISTD_H 1
| #define HAVE_DLFCN_H 1
| #define __LINUX__ 1
| #define HAVE_LIBM 1
| #define HAVE_LIBNSL 1
| #define HAVE_LIBRESOLV 1
| #define HAVE_LIBRT 1
| #define STDC_HEADERS 1
| #define HAVE_NETDB_H 1
| #define HAVE_SYSLOG_H 1
| #define HAVE_SYS_RESOURCE_H 1
| #define HAVE_SYS_SELECT_H 1
| #define HAVE_SYS_SOCKET_H 1
| #define HAVE_SYS_WAIT_H 1
| #define HAVE_FLOAT_H 1
| #define HAVE_STDINT_H 1
| /* end confdefs.h.  */
| #include <stdio.h>
| #ifdef HAVE_SYS_TYPES_H
| # include <sys/types.h>
| #endif
| #ifdef HAVE_SYS_STAT_H
| # include <sys/stat.h>
| #endif
| #ifdef STDC_HEADERS
| # include <stdlib.h>
| # include <stddef.h>
| #else
| # ifdef HAVE_STDLIB_H
| #  include <stdlib.h>
| # endif
| #endif
| #ifdef HAVE_STRING_H
| # if !defined STDC_HEADERS && defined HAVE_MEMORY_H
| #  include <memory.h>
| # endif
| # include <string.h>
| #endif
| #ifdef HAVE_STRINGS_H
| # include <strings.h>
| #endif
| #ifdef HAVE_INTTYPES_H
| # include <inttypes.h>
| #endif
| #ifdef HAVE_STDINT_H
| # include <stdint.h>
| #endif
| #ifdef HAVE_UNISTD_H
| # include <unistd.h>
| #endif
| #include <ws2tcpip.h>
configure:21005: result: no
configure:21009: checking ws2tcpip.h presence
configure:21024: gcc -E  conftest.c
conftest.c:36:22: fatal error: ws2tcpip.h: No such file or directory
compilation terminated.
configure:21030: $? = 1
configure: failed program was:
| /* confdefs.h.  */
| #define PACKAGE_NAME "thrulay"
| #define PACKAGE_TARNAME "thrulay"
| #define PACKAGE_VERSION "0.9rc1"
| #define PACKAGE_STRING "thrulay 0.9rc1"
| #define PACKAGE_BUGREPORT "thrulay-users@internet2.edu"
| #define PACKAGE "thrulay"
| #define VERSION "0.9"
| #define ENABLE_THRULAY_MULTICAST 1
| #define STDC_HEADERS 1
| #define HAVE_SYS_TYPES_H 1
| #define HAVE_SYS_STAT_H 1
| #define HAVE_STDLIB_H 1
| #define HAVE_STRING_H 1
| #define HAVE_MEMORY_H 1
| #define HAVE_STRINGS_H 1
| #define HAVE_INTTYPES_H 1
| #define HAVE_STDINT_H 1
| #define HAVE_UNISTD_H 1
| #define HAVE_DLFCN_H 1
| #define __LINUX__ 1
| #define HAVE_LIBM 1
| #define HAVE_LIBNSL 1
| #define HAVE_LIBRESOLV 1
| #define HAVE_LIBRT 1
| #define STDC_HEADERS 1
| #define HAVE_NETDB_H 1
| #define HAVE_SYSLOG_H 1
| #define HAVE_SYS_RESOURCE_H 1
| #define HAVE_SYS_SELECT_H 1
| #define HAVE_SYS_SOCKET_H 1
| #define HAVE_SYS_WAIT_H 1
| #define HAVE_FLOAT_H 1
| #define HAVE_STDINT_H 1
| /* end confdefs.h.  */
| #include <ws2tcpip.h>
configure:21051: result: no
configure:21084: checking for ws2tcpip.h
configure:21092: result: no
configure:21121: checking fasttime.h usability
configure:21138: gcc -c -g -O2  conftest.c >&5
conftest.c:69:22: fatal error: fasttime.h: No such file or directory
compilation terminated.
configure:21144: $? = 1
configure: failed program was:
| /* confdefs.h.  */
| #define PACKAGE_NAME "thrulay"
| #define PACKAGE_TARNAME "thrulay"
| #define PACKAGE_VERSION "0.9rc1"
| #define PACKAGE_STRING "thrulay 0.9rc1"
| #define PACKAGE_BUGREPORT "thrulay-users@internet2.edu"
| #define PACKAGE "thrulay"
| #define VERSION "0.9"
| #define ENABLE_THRULAY_MULTICAST 1
| #define STDC_HEADERS 1
| #define HAVE_SYS_TYPES_H 1
| #define HAVE_SYS_STAT_H 1
| #define HAVE_STDLIB_H 1
| #define HAVE_STRING_H 1
| #define HAVE_MEMORY_H 1
| #define HAVE_STRINGS_H 1
| #define HAVE_INTTYPES_H 1
| #define HAVE_STDINT_H 1
| #define HAVE_UNISTD_H 1
| #define HAVE_DLFCN_H 1
| #define __LINUX__ 1
| #define HAVE_LIBM 1
| #define HAVE_LIBNSL 1
| #define HAVE_LIBRESOLV 1
| #define HAVE_LIBRT 1
| #define STDC_HEADERS 1
| #define HAVE_NETDB_H 1
| #define HAVE_SYSLOG_H 1
| #define HAVE_SYS_RESOURCE_H 1
| #define HAVE_SYS_SELECT_H 1
| #define HAVE_SYS_SOCKET_H 1
| #define HAVE_SYS_WAIT_H 1
| #define HAVE_FLOAT_H 1
| #define HAVE_STDINT_H 1
| /* end confdefs.h.  */
| #include <stdio.h>
| #ifdef HAVE_SYS_TYPES_H
| # include <sys/types.h>
| #endif
| #ifdef HAVE_SYS_STAT_H
| # include <sys/stat.h>
| #endif
| #ifdef STDC_HEADERS
| # include <stdlib.h>
| # include <stddef.h>
| #else
| # ifdef HAVE_STDLIB_H
| #  include <stdlib.h>
| # endif
| #endif
| #ifdef HAVE_STRING_H
| # if !defined STDC_HEADERS && defined HAVE_MEMORY_H
| #  include <memory.h>
| # endif
| # include <string.h>
| #endif
| #ifdef HAVE_STRINGS_H
| # include <strings.h>
| #endif
| #ifdef HAVE_INTTYPES_H
| # include <inttypes.h>
| #endif
| #ifdef HAVE_STDINT_H
| # include <stdint.h>
| #endif
| #ifdef HAVE_UNISTD_H
| # include <unistd.h>
| #endif
| #include <fasttime.h>
configure:21175: result: no
configure:21179: checking fasttime.h presence
configure:21194: gcc -E  conftest.c
conftest.c:36:22: fatal error: fasttime.h: No such file or directory
compilation terminated.
configure:21200: $? = 1
configure: failed program was:
| /* confdefs.h.  */
| #define PACKAGE_NAME "thrulay"
| #define PACKAGE_TARNAME "thrulay"
| #define PACKAGE_VERSION "0.9rc1"
| #define PACKAGE_STRING "thrulay 0.9rc1"
| #define PACKAGE_BUGREPORT "thrulay-users@internet2.edu"
| #define PACKAGE "thrulay"
| #define VERSION "0.9"
| #define ENABLE_THRULAY_MULTICAST 1
| #define STDC_HEADERS 1
| #define HAVE_SYS_TYPES_H 1
| #define HAVE_SYS_STAT_H 1
| #define HAVE_STDLIB_H 1
| #define HAVE_STRING_H 1
| #define HAVE_MEMORY_H 1
| #define HAVE_STRINGS_H 1
| #define HAVE_INTTYPES_H 1
| #define HAVE_STDINT_H 1
| #define HAVE_UNISTD_H 1
| #define HAVE_DLFCN_H 1
| #define __LINUX__ 1
| #define HAVE_LIBM 1
| #define HAVE_LIBNSL 1
| #define HAVE_LIBRESOLV 1
| #define HAVE_LIBRT 1
| #define STDC_HEADERS 1
| #define HAVE_NETDB_H 1
| #define HAVE_SYSLOG_H 1
| #define HAVE_SYS_RESOURCE_H 1
| #define HAVE_SYS_SELECT_H 1
| #define HAVE_SYS_SOCKET_H 1
| #define HAVE_SYS_WAIT_H 1
| #define HAVE_FLOAT_H 1
| #define HAVE_STDINT_H 1
| /* end confdefs.h.  */
| #include <fasttime.h>
configure:21221: result: no
configure:21254: checking for fasttime.h
configure:21262: result: no
configure:21121: checking tsci2.h usability
configure:21138: gcc -c -g -O2  conftest.c >&5
conftest.c:69:19: fatal error: tsci2.h: No such file or directory
compilation terminated.
configure:21144: $? = 1
configure: failed program was:
| /* confdefs.h.  */
| #define PACKAGE_NAME "thrulay"
| #define PACKAGE_TARNAME "thrulay"
| #define PACKAGE_VERSION "0.9rc1"
| #define PACKAGE_STRING "thrulay 0.9rc1"
| #define PACKAGE_BUGREPORT "thrulay-users@internet2.edu"
| #define PACKAGE "thrulay"
| #define VERSION "0.9"
| #define ENABLE_THRULAY_MULTICAST 1
| #define STDC_HEADERS 1
| #define HAVE_SYS_TYPES_H 1
| #define HAVE_SYS_STAT_H 1
| #define HAVE_STDLIB_H 1
| #define HAVE_STRING_H 1
| #define HAVE_MEMORY_H 1
| #define HAVE_STRINGS_H 1
| #define HAVE_INTTYPES_H 1
| #define HAVE_STDINT_H 1
| #define HAVE_UNISTD_H 1
| #define HAVE_DLFCN_H 1
| #define __LINUX__ 1
| #define HAVE_LIBM 1
| #define HAVE_LIBNSL 1
| #define HAVE_LIBRESOLV 1
| #define HAVE_LIBRT 1
| #define STDC_HEADERS 1
| #define HAVE_NETDB_H 1
| #define HAVE_SYSLOG_H 1
| #define HAVE_SYS_RESOURCE_H 1
| #define HAVE_SYS_SELECT_H 1
| #define HAVE_SYS_SOCKET_H 1
| #define HAVE_SYS_WAIT_H 1
| #define HAVE_FLOAT_H 1
| #define HAVE_STDINT_H 1
| /* end confdefs.h.  */
| #include <stdio.h>
| #ifdef HAVE_SYS_TYPES_H
| # include <sys/types.h>
| #endif
| #ifdef HAVE_SYS_STAT_H
| # include <sys/stat.h>
| #endif
| #ifdef STDC_HEADERS
| # include <stdlib.h>
| # include <stddef.h>
| #else
| # ifdef HAVE_STDLIB_H
| #  include <stdlib.h>
| # endif
| #endif
| #ifdef HAVE_STRING_H
| # if !defined STDC_HEADERS && defined HAVE_MEMORY_H
| #  include <memory.h>
| # endif
| # include <string.h>
| #endif
| #ifdef HAVE_STRINGS_H
| # include <strings.h>
| #endif
| #ifdef HAVE_INTTYPES_H
| # include <inttypes.h>
| #endif
| #ifdef HAVE_STDINT_H
| # include <stdint.h>
| #endif
| #ifdef HAVE_UNISTD_H
| # include <unistd.h>
| #endif
| #include <tsci2.h>
configure:21175: result: no
configure:21179: checking tsci2.h presence
configure:21194: gcc -E  conftest.c
conftest.c:36:19: fatal error: tsci2.h: No such file or directory
compilation terminated.
configure:21200: $? = 1
configure: failed program was:
| /* confdefs.h.  */
| #define PACKAGE_NAME "thrulay"
| #define PACKAGE_TARNAME "thrulay"
| #define PACKAGE_VERSION "0.9rc1"
| #define PACKAGE_STRING "thrulay 0.9rc1"
| #define PACKAGE_BUGREPORT "thrulay-users@internet2.edu"
| #define PACKAGE "thrulay"
| #define VERSION "0.9"
| #define ENABLE_THRULAY_MULTICAST 1
| #define STDC_HEADERS 1
| #define HAVE_SYS_TYPES_H 1
| #define HAVE_SYS_STAT_H 1
| #define HAVE_STDLIB_H 1
| #define HAVE_STRING_H 1
| #define HAVE_MEMORY_H 1
| #define HAVE_STRINGS_H 1
| #define HAVE_INTTYPES_H 1
| #define HAVE_STDINT_H 1
| #define HAVE_UNISTD_H 1
| #define HAVE_DLFCN_H 1
| #define __LINUX__ 1
| #define HAVE_LIBM 1
| #define HAVE_LIBNSL 1
| #define HAVE_LIBRESOLV 1
| #define HAVE_LIBRT 1
| #define STDC_HEADERS 1
| #define HAVE_NETDB_H 1
| #define HAVE_SYSLOG_H 1
| #define HAVE_SYS_RESOURCE_H 1
| #define HAVE_SYS_SELECT_H 1
| #define HAVE_SYS_SOCKET_H 1
| #define HAVE_SYS_WAIT_H 1
| #define HAVE_FLOAT_H 1
| #define HAVE_STDINT_H 1
| /* end confdefs.h.  */
| #include <tsci2.h>
configure:21221: result: no
configure:21254: checking for tsci2.h
configure:21262: result: no
configure:21277: checking for library containing gethostbyname
configure:21318: gcc -o conftest -g -O2   conftest.c -lrt -lresolv -lnsl -lm  >&5
configure:21324: $? = 0
configure:21331: test -z "$ac_c_werror_flag" || test ! -s conftest.err
configure:21334: $? = 0
configure:21341: test -s conftest
configure:21344: $? = 0
configure:21368: result: none required
configure:21447: checking for getaddrinfo
configure:21470: gcc -c -g -O2  conftest.c >&5
conftest.c:36:22: fatal error: ws2tcpip.h: No such file or directory
compilation terminated.
configure:21476: $? = 1
configure: failed program was:
| /* confdefs.h.  */
| #define PACKAGE_NAME "thrulay"
| #define PACKAGE_TARNAME "thrulay"
| #define PACKAGE_VERSION "0.9rc1"
| #define PACKAGE_STRING "thrulay 0.9rc1"
| #define PACKAGE_BUGREPORT "thrulay-users@internet2.edu"
| #define PACKAGE "thrulay"
| #define VERSION "0.9"
| #define ENABLE_THRULAY_MULTICAST 1
| #define STDC_HEADERS 1
| #define HAVE_SYS_TYPES_H 1
| #define HAVE_SYS_STAT_H 1
| #define HAVE_STDLIB_H 1
| #define HAVE_STRING_H 1
| #define HAVE_MEMORY_H 1
| #define HAVE_STRINGS_H 1
| #define HAVE_INTTYPES_H 1
| #define HAVE_STDINT_H 1
| #define HAVE_UNISTD_H 1
| #define HAVE_DLFCN_H 1
| #define __LINUX__ 1
| #define HAVE_LIBM 1
| #define HAVE_LIBNSL 1
| #define HAVE_LIBRESOLV 1
| #define HAVE_LIBRT 1
| #define STDC_HEADERS 1
| #define HAVE_NETDB_H 1
| #define HAVE_SYSLOG_H 1
| #define HAVE_SYS_RESOURCE_H 1
| #define HAVE_SYS_SELECT_H 1
| #define HAVE_SYS_SOCKET_H 1
| #define HAVE_SYS_WAIT_H 1
| #define HAVE_FLOAT_H 1
| #define HAVE_STDINT_H 1
| /* end confdefs.h.  */
| #include <ws2tcpip.h>
| int
| main ()
| {
| getaddrinfo(NULL,NULL,NULL,NULL);
|   ;
|   return 0;
| }
configure:21509: result: no
configure:21520: checking for initstate
configure:21576: gcc -o conftest -g -O2   conftest.c -lrt -lresolv -lnsl -lm  >&5
configure:21582: $? = 0
configure:21589: test -z "$ac_c_werror_flag" || test ! -s conftest.err
configure:21592: $? = 0
configure:21599: test -s conftest
configure:21602: $? = 0
configure:21616: result: yes
configure:21520: checking for getrusage
configure:21576: gcc -o conftest -g -O2   conftest.c -lrt -lresolv -lnsl -lm  >&5
configure:21582: $? = 0
configure:21589: test -z "$ac_c_werror_flag" || test ! -s conftest.err
configure:21592: $? = 0
configure:21599: test -s conftest
configure:21602: $? = 0
configure:21616: result: yes
configure:21630: checking for struct ip_mreqn
configure:21658: gcc -c -g -O2  conftest.c >&5
configure:21664: $? = 0
configure:21671: test -z "$ac_c_werror_flag" || test ! -s conftest.err
configure:21674: $? = 0
configure:21681: test -s conftest.o
configure:21684: $? = 0
configure:21686: result: yes
configure:21702: checking for struct ip_mreq
configure:21730: gcc -c -g -O2  conftest.c >&5
conftest.c:40:25: error: missing terminating > character
configure:21736: $? = 1
configure: failed program was:
| /* confdefs.h.  */
| #define PACKAGE_NAME "thrulay"
| #define PACKAGE_TARNAME "thrulay"
| #define PACKAGE_VERSION "0.9rc1"
| #define PACKAGE_STRING "thrulay 0.9rc1"
| #define PACKAGE_BUGREPORT "thrulay-users@internet2.edu"
| #define PACKAGE "thrulay"
| #define VERSION "0.9"
| #define ENABLE_THRULAY_MULTICAST 1
| #define STDC_HEADERS 1
| #define HAVE_SYS_TYPES_H 1
| #define HAVE_SYS_STAT_H 1
| #define HAVE_STDLIB_H 1
| #define HAVE_STRING_H 1
| #define HAVE_MEMORY_H 1
| #define HAVE_STRINGS_H 1
| #define HAVE_INTTYPES_H 1
| #define HAVE_STDINT_H 1
| #define HAVE_UNISTD_H 1
| #define HAVE_DLFCN_H 1
| #define __LINUX__ 1
| #define HAVE_LIBM 1
| #define HAVE_LIBNSL 1
| #define HAVE_LIBRESOLV 1
| #define HAVE_LIBRT 1
| #define STDC_HEADERS 1
| #define HAVE_NETDB_H 1
| #define HAVE_SYSLOG_H 1
| #define HAVE_SYS_RESOURCE_H 1
| #define HAVE_SYS_SELECT_H 1
| #define HAVE_SYS_SOCKET_H 1
| #define HAVE_SYS_WAIT_H 1
| #define HAVE_FLOAT_H 1
| #define HAVE_STDINT_H 1
| #define HAVE_INITSTATE 1
| #define HAVE_GETRUSAGE 1
| #define HAVE_STRUCT_IP_MREQN 1
| /* end confdefs.h.  */
| #ifndef WIN32
| 		#include <netinet/in.h
| 		#else
| 		#include <ws2tcpip.h>
| 		#endif
| int
| main ()
| {
| struct ip_mreq mreq;
| 	        mreq.imr_interface.s_addr = 0;
|   ;
|   return 0;
| }
configure:21769: result: no
configure:21907: creating ./config.status

## ---------------------- ##
## Running config.status. ##
## ---------------------- ##

This file was extended by thrulay config.status 0.9rc1, which was
generated by GNU Autoconf 2.60a.  Invocation command line was

  CONFIG_FILES    = 
  CONFIG_HEADERS  = 
  CONFIG_LINKS    = 
  CONFIG_COMMANDS = 
  $ ./config.status 

on ubuntu

config.status:652: creating Makefile
config.status:652: creating doc/Makefile
config.status:652: creating src/Makefile
config.status:652: creating thrulay.spec
config.status:652: creating config.h
config.status:937: executing depfiles commands

## ---------------- ##
## Cache variables. ##
## ---------------- ##

ac_cv_build=i686-pc-linux-gnu
ac_cv_c_compiler_gnu=yes
ac_cv_cxx_compiler_gnu=yes
ac_cv_env_CCC_set=
ac_cv_env_CCC_value=
ac_cv_env_CC_set=
ac_cv_env_CC_value=
ac_cv_env_CFLAGS_set=
ac_cv_env_CFLAGS_value=
ac_cv_env_CPPFLAGS_set=
ac_cv_env_CPPFLAGS_value=
ac_cv_env_CPP_set=
ac_cv_env_CPP_value=
ac_cv_env_CXXCPP_set=
ac_cv_env_CXXCPP_value=
ac_cv_env_CXXFLAGS_set=
ac_cv_env_CXXFLAGS_value=
ac_cv_env_CXX_set=
ac_cv_env_CXX_value=
ac_cv_env_F77_set=
ac_cv_env_F77_value=
ac_cv_env_FFLAGS_set=
ac_cv_env_FFLAGS_value=
ac_cv_env_LDFLAGS_set=
ac_cv_env_LDFLAGS_value=
ac_cv_env_build_alias_set=
ac_cv_env_build_alias_value=
ac_cv_env_host_alias_set=
ac_cv_env_host_alias_value=
ac_cv_env_target_alias_set=
ac_cv_env_target_alias_value=
ac_cv_f77_compiler_gnu=no
ac_cv_func_getrusage=yes
ac_cv_func_initstate=yes
ac_cv_header_dlfcn_h=yes
ac_cv_header_fasttime_h=no
ac_cv_header_float_h=yes
ac_cv_header_inttypes_h=yes
ac_cv_header_memory_h=yes
ac_cv_header_netdb_h=yes
ac_cv_header_stdc=yes
ac_cv_header_stdint_h=yes
ac_cv_header_stdlib_h=yes
ac_cv_header_string_h=yes
ac_cv_header_strings_h=yes
ac_cv_header_sys_resource_h=yes
ac_cv_header_sys_select_h=yes
ac_cv_header_sys_socket_h=yes
ac_cv_header_sys_stat_h=yes
ac_cv_header_sys_types_h=yes
ac_cv_header_sys_wait_h=yes
ac_cv_header_syslog_h=yes
ac_cv_header_tsci2_h=no
ac_cv_header_unistd_h=yes
ac_cv_header_winsock2_h=no
ac_cv_header_ws2tcpip_h=no
ac_cv_host=i686-pc-linux-gnu
ac_cv_lib_fasttime_fasttime_init_context=no
ac_cv_lib_m_log=yes
ac_cv_lib_nsl_socket=yes
ac_cv_lib_resolv_herror=yes
ac_cv_lib_rt_nanosleep=yes
ac_cv_lib_socket_socket=no
ac_cv_lib_tsci2_tsci2_init=no
ac_cv_objext=o
ac_cv_path_EGREP='/bin/grep -E'
ac_cv_path_GREP=/bin/grep
ac_cv_path_install='/usr/bin/install -c'
ac_cv_prog_AWK=gawk
ac_cv_prog_CPP='gcc -E'
ac_cv_prog_CXXCPP='g++ -E'
ac_cv_prog_ac_ct_AR=ar
ac_cv_prog_ac_ct_CC=gcc
ac_cv_prog_ac_ct_CXX=g++
ac_cv_prog_ac_ct_RANLIB=ranlib
ac_cv_prog_ac_ct_STRIP=strip
ac_cv_prog_cc_c89=
ac_cv_prog_cc_g=yes
ac_cv_prog_cxx_g=yes
ac_cv_prog_f77_g=no
ac_cv_prog_make_make_set=yes
ac_cv_search_gethostbyname='none required'
am_cv_CC_dependencies_compiler_type=gcc3
am_cv_CXX_dependencies_compiler_type=gcc3
lt_cv_deplibs_check_method=pass_all
lt_cv_file_magic_cmd='$MAGIC_CMD'
lt_cv_file_magic_test_file=
lt_cv_ld_reload_flag=-r
lt_cv_objdir=.libs
lt_cv_path_LD=/usr/bin/ld
lt_cv_path_LDCXX=/usr/bin/ld
lt_cv_path_NM='/usr/bin/nm -B'
lt_cv_path_SED=/bin/sed
lt_cv_prog_compiler_c_o=yes
lt_cv_prog_compiler_c_o_CXX=yes
lt_cv_prog_compiler_rtti_exceptions=no
lt_cv_prog_gnu_ld=yes
lt_cv_prog_gnu_ldcxx=yes
lt_cv_sys_global_symbol_pipe='sed -n -e '\''s/^.*[ 	]\([ABCDGIRSTW][ABCDGIRSTW]*\)[ 	][ 	]*\([_A-Za-z][_A-Za-z0-9]*\)$/\1 \2 \2/p'\'''
lt_cv_sys_global_symbol_to_c_name_address='sed -n -e '\''s/^: \([^ ]*\) $/  {\"\1\", (lt_ptr) 0},/p'\'' -e '\''s/^[BCDEGRST] \([^ ]*\) \([^ ]*\)$/  {"\2", (lt_ptr) \&\2},/p'\'''
lt_cv_sys_global_symbol_to_cdecl='sed -n -e '\''s/^. .* \(.*\)$/extern int \1;/p'\'''
lt_cv_sys_max_cmd_len=32768
lt_lt_cv_prog_compiler_c_o='"yes"'
lt_lt_cv_prog_compiler_c_o_CXX='"yes"'
lt_lt_cv_sys_global_symbol_pipe='"sed -n -e '\''s/^.*[ 	]\\([ABCDGIRSTW][ABCDGIRSTW]*\\)[ 	][ 	]*\\([_A-Za-z][_A-Za-z0-9]*\\)\$/\\1 \\2 \\2/p'\''"'
lt_lt_cv_sys_global_symbol_to_c_name_address='"sed -n -e '\''s/^: \\([^ ]*\\) \$/  {\\\"\\1\\\", (lt_ptr) 0},/p'\'' -e '\''s/^[BCDEGRST] \\([^ ]*\\) \\([^ ]*\\)\$/  {\"\\2\", (lt_ptr) \\&\\2},/p'\''"'
lt_lt_cv_sys_global_symbol_to_cdecl='"sed -n -e '\''s/^. .* \\(.*\\)\$/extern int \\1;/p'\''"'

## ----------------- ##
## Output variables. ##
## ----------------- ##

ACLOCAL='${SHELL} /home/codell/School/cs5260/project/AutoPerformance/engine/thrulay/missing --run aclocal-1.9'
AMDEPBACKSLASH='\'
AMDEP_FALSE='#'
AMDEP_TRUE=''
AMTAR='${SHELL} /home/codell/School/cs5260/project/AutoPerformance/engine/thrulay/missing --run tar'
AR='ar'
AUTOCONF='${SHELL} /home/codell/School/cs5260/project/AutoPerformance/engine/thrulay/missing --run autoconf'
AUTOHEADER='${SHELL} /home/codell/School/cs5260/project/AutoPerformance/engine/thrulay/missing --run autoheader'
AUTOMAKE='${SHELL} /home/codell/School/cs5260/project/AutoPerformance/engine/thrulay/missing --run automake-1.9'
AWK='gawk'
CC='gcc'
CCDEPMODE='depmode=gcc3'
CFLAGS='-g -O2'
CPP='gcc -E'
CPPFLAGS=''
CXX='g++'
CXXCPP='g++ -E'
CXXDEPMODE='depmode=gcc3'
CXXFLAGS='-g -O2'
CYGPATH_W='echo'
C_STD_FLAGS='-std=gnu99'
DEFS='-DHAVE_CONFIG_H'
DEPDIR='.deps'
ECHO='echo'
ECHO_C=''
ECHO_N='-n'
ECHO_T=''
EGREP='/bin/grep -E'
EXEEXT=''
F77=''
FFLAGS=''
GREP='/bin/grep'
INSTALL_DATA='${INSTALL} -m 644'
INSTALL_PROGRAM='${INSTALL}'
INSTALL_SCRIPT='${INSTALL}'
INSTALL_STRIP_PROGRAM='${SHELL} $(install_sh) -c -s'
LDFLAGS=''
LIBOBJS=''
LIBS='-lrt -lresolv -lnsl -lm '
LIBTOOL='$(SHELL) $(top_builddir)/libtool'
LN_S='ln -s'
LTLIBOBJS=''
LT_VERSION='0:0:0'
MAKEINFO='${SHELL} /home/codell/School/cs5260/project/AutoPerformance/engine/thrulay/missing --run makeinfo'
OBJEXT='o'
PACKAGE='thrulay'
PACKAGE_BUGREPORT='thrulay-users@internet2.edu'
PACKAGE_NAME='thrulay'
PACKAGE_STRING='thrulay 0.9rc1'
PACKAGE_TARNAME='thrulay'
PACKAGE_VERSION='0.9rc1'
PATH_SEPARATOR=':'
RANLIB='ranlib'
SET_MAKE=''
SHELL='/bin/bash'
STRIP='strip'
VERSION='0.9'
WARNING_FLAGS='-Wno-long-long -Wall -pedantic -W -Wpointer-arith 				 -Wnested-externs'
ac_ct_CC='gcc'
ac_ct_CXX='g++'
ac_ct_F77=''
am__fastdepCC_FALSE='#'
am__fastdepCC_TRUE=''
am__fastdepCXX_FALSE='#'
am__fastdepCXX_TRUE=''
am__include='include'
am__leading_dot='.'
am__quote=''
am__tar='${AMTAR} chof - "$$tardir"'
am__untar='${AMTAR} xf -'
bindir='${exec_prefix}/bin'
build='i686-pc-linux-gnu'
build_alias=''
build_cpu='i686'
build_os='linux-gnu'
build_vendor='pc'
datadir='${datarootdir}'
datarootdir='${prefix}/share'
docdir='${datarootdir}/doc/${PACKAGE_TARNAME}'
dvidir='${docdir}'
exec_prefix='${prefix}'
host='i686-pc-linux-gnu'
host_alias=''
host_cpu='i686'
host_os='linux-gnu'
host_vendor='pc'
htmldir='${docdir}'
includedir='${prefix}/include'
infodir='${datarootdir}/info'
install_sh='/home/codell/School/cs5260/project/AutoPerformance/engine/thrulay/install-sh'
libdir='${exec_prefix}/lib'
libexecdir='${exec_prefix}/libexec'
localedir='${datarootdir}/locale'
localstatedir='${prefix}/var'
mandir='${datarootdir}/man'
mkdir_p='mkdir -p --'
oldincludedir='/usr/include'
pdfdir='${docdir}'
prefix='/usr/local'
program_transform_name='s,x,x,'
psdir='${docdir}'
sbindir='${exec_prefix}/sbin'
sharedstatedir='${prefix}/com'
sysconfdir='${prefix}/etc'
target_alias=''

## ----------- ##
## confdefs.h. ##
## ----------- ##

#define PACKAGE_NAME "thrulay"
#define PACKAGE_TARNAME "thrulay"
#define PACKAGE_VERSION "0.9rc1"
#define PACKAGE_STRING "thrulay 0.9rc1"
#define PACKAGE_BUGREPORT "thrulay-users@internet2.edu"
#define PACKAGE "thrulay"
#define VERSION "0.9"
#define ENABLE_THRULAY_MULTICAST 1
#define STDC_HEADERS 1
#define HAVE_SYS_TYPES_H 1
#define HAVE_SYS_STAT_H 1
#define HAVE_STDLIB_H 1
#define HAVE_STRING_H 1
#define HAVE_MEMORY_H 1
#define HAVE_STRINGS_H 1
#define HAVE_INTTYPES_H 1
#define HAVE_STDINT_H 1
#define HAVE_UNISTD_H 1
#define HAVE_DLFCN_H 1
#define __LINUX__ 1
#define HAVE_LIBM 1
#define HAVE_LIBNSL 1
#define HAVE_LIBRESOLV 1
#define HAVE_LIBRT 1
#define STDC_HEADERS 1
#define HAVE_NETDB_H 1
#define HAVE_SYSLOG_H 1
#define HAVE_SYS_RESOURCE_H 1
#define HAVE_SYS_SELECT_H 1
#define HAVE_SYS_SOCKET_H 1
#define HAVE_SYS_WAIT_H 1
#define HAVE_FLOAT_H 1
#define HAVE_STDINT_H 1
#define HAVE_INITSTATE 1
#define HAVE_GETRUSAGE 1
#define HAVE_STRUCT_IP_MREQN 1

configure: exit 0
